2024-03-23 20:25:57,439 INFO Бот начал работу
2024-03-23 20:26:16,271 INFO Сообщение от пользователя: pes_pashka/409740741
2024-03-23 20:26:16,274 INFO pes_pashka/BOT: Погода
2024-03-23 20:26:16,738 INFO BOT/pes_pashka: response 200
2024-03-23 20:26:17,601 INFO Сообщение от пользователя: pes_pashka/409740741
2024-03-23 20:26:17,602 INFO pes_pashka/BOT: Отмена
2024-03-23 20:26:17,794 INFO BOT/pes_pashka: response 200
2024-03-23 20:27:30,866 INFO Сообщение от пользователя: nklv_dre/408079132
2024-03-23 20:27:30,867 INFO nklv_dre/BOT: Работа с фото
2024-03-23 20:27:31,067 INFO BOT/nklv_dre: response 200
2024-03-23 20:27:40,027 INFO Сообщение от пользователя: nklv_dre/408079132
2024-03-23 20:27:40,027 INFO nklv_dre/BOT: 
2024-03-23 20:27:42,016 INFO BOT/nklv_dre: response 200
2024-03-23 20:27:47,891 INFO Сообщение от пользователя: nklv_dre/408079132
2024-03-23 20:27:47,892 INFO nklv_dre/BOT: Погода
2024-03-23 20:27:48,253 INFO BOT/nklv_dre: response 200
2024-03-23 20:27:58,691 INFO Сообщение от пользователя: nklv_dre/408079132
2024-03-23 20:27:58,693 INFO nklv_dre/BOT: Тверь
2024-03-23 20:27:59,233 INFO BOT/nklv_dre: response 200
2024-03-23 20:28:36,001 INFO Сообщение от пользователя: nklv_dre/408079132
2024-03-23 20:28:36,002 INFO nklv_dre/BOT: Погода
2024-03-23 20:28:36,493 INFO BOT/nklv_dre: response 200
2024-03-23 20:28:54,091 INFO Сообщение от пользователя: nklv_dre/408079132
2024-03-23 20:28:54,091 INFO nklv_dre/BOT: Сорочинск
2024-03-23 20:28:54,842 INFO BOT/nklv_dre: response 200
2024-03-23 20:29:15,807 INFO Сообщение от пользователя: nklv_dre/408079132
2024-03-23 20:29:15,808 INFO nklv_dre/BOT: Погода
2024-03-23 20:29:16,184 INFO BOT/nklv_dre: response 200
2024-03-23 20:29:23,085 INFO Сообщение от пользователя: nklv_dre/408079132
2024-03-23 20:29:23,086 INFO nklv_dre/BOT: Красноармейск
2024-03-23 20:29:23,679 INFO BOT/nklv_dre: response 200
